  Source.cpp
D:\Программы\Своё\Wave Function Collapse\Wave Function Collapse\Button.hpp(170,15): warning C4244: инициализация: преобразование "double" в "float", возможна потеря данных
D:\Программы\Своё\Wave Function Collapse\Wave Function Collapse\Source.cpp(91,20): warning C4244: аргумент: преобразование "time_t" в "unsigned int", возможна потеря данных
D:\Программы\Своё\Wave Function Collapse\Wave Function Collapse\Source.cpp(121,32): warning C4244: аргумент: преобразование "int" в "T", возможна потеря данных
          with
          [
              T=float
          ]
D:\Программы\Своё\Wave Function Collapse\Wave Function Collapse\Source.cpp(191,23): warning C4018: <: несоответствие типов со знаком и без знака
D:\Программы\Своё\Wave Function Collapse\Wave Function Collapse\Source.cpp(231,40): warning C4244: аргумент: преобразование "int" в "float", возможна потеря данных
D:\Программы\Своё\Wave Function Collapse\Wave Function Collapse\Source.cpp(249,35): warning C4018: <: несоответствие типов со знаком и без знака
D:\Программы\Своё\Wave Function Collapse\Wave Function Collapse\Source.cpp(256,50): warning C4018: <: несоответствие типов со знаком и без знака
D:\Программы\Своё\Wave Function Collapse\Wave Function Collapse\Source.cpp(296,35): warning C4018: <: несоответствие типов со знаком и без знака
D:\Программы\Своё\Wave Function Collapse\Wave Function Collapse\Source.cpp(316,39): warning C4244: =: преобразование "T" в "T", возможна потеря данных
          with
          [
              T=float
          ]
          and
          [
              T=int
          ]
D:\Программы\Своё\Wave Function Collapse\Wave Function Collapse\Source.cpp(317,39): warning C4244: =: преобразование "T" в "T", возможна потеря данных
          with
          [
              T=float
          ]
          and
          [
              T=int
          ]
D:\Программы\Своё\Wave Function Collapse\Wave Function Collapse\Source.cpp(393,38): warning C4018: <: несоответствие типов со знаком и без знака
D:\Программы\Своё\Wave Function Collapse\Wave Function Collapse\Source.cpp(405,31): warning C4018: <: несоответствие типов со знаком и без знака
  Wave Function Collapse.vcxproj -> D:\Программы\Своё\Wave Function Collapse\Debug\Wave Function Collapse.exe
